0 silly argv {
0 silly argv   _: [ 'version' ],
0 silly argv   'conventional-commits': true,
0 silly argv   conventionalCommits: true,
0 silly argv   lernaVersion: '5.1.4',
0 silly argv   '$0': '/Users/xyb/Desktop/frontend-code/lerna-demo/node_modules/.bin/lerna'
0 silly argv }
1 notice cli v5.1.4
2 verbose rootPath /Users/xyb/Desktop/frontend-code/lerna-demo
3 info versioning independent
4 silly isAnythingCommitted
5 verbose isAnythingCommitted 1
6 silly getCurrentBranch
7 error Error: Command failed with exit code 128: git rev-parse --abbrev-ref HEAD
7 error fatal: 有歧义的参数 'HEAD'：未知的版本或路径不存在于工作区中。
7 error 使用 '--' 来分隔版本和路径，例如：
7 error 'git <命令> [<版本>...] -- [<文件>...]'
7 error HEAD
7 error     at makeError (/Users/xyb/Desktop/frontend-code/lerna-demo/node_modules/execa/lib/error.js:60:11)
7 error     at Function.module.exports.sync (/Users/xyb/Desktop/frontend-code/lerna-demo/node_modules/execa/index.js:194:17)
7 error     at Object.execSync (/Users/xyb/Desktop/frontend-code/lerna-demo/node_modules/@lerna/child-process/index.js:39:16)
7 error     at getCurrentBranch (/Users/xyb/Desktop/frontend-code/lerna-demo/node_modules/@lerna/version/lib/get-current-branch.js:14:31)
7 error     at VersionCommand.initialize (/Users/xyb/Desktop/frontend-code/lerna-demo/node_modules/@lerna/version/index.js:118:28)
